<?xml version="1.0" encoding="UTF-8"?>
<!-- Generated by org.testng.reporters.JUnitReportReporter -->
<testsuite hostname="DESKTOP-4H738JD" failures="0" tests="1" name="com.qa.JavaProgramming.Collection.Linkedlist" time="0.009" errors="0" timestamp="2025-07-19T11:57:57 IST" skipped="0">
  <testcase classname="com.qa.JavaProgramming.Collection.Linkedlist" name="linkedlist" time="0.009"/>
</testsuite> <!-- com.qa.JavaProgramming.Collection.Linkedlist -->
