<?xml version="1.0" encoding="UTF-8"?>
<!-- Generated by org.testng.reporters.JUnitReportReporter -->
<testsuite hostname="DESKTOP-4H738JD" failures="0" tests="1" name="com.qa.Selenium.CodeWithSushil.Level1.Click" time="22.393" errors="0" timestamp="2024-07-24T11:48:43 IST" skipped="0">
  <testcase classname="com.qa.Selenium.CodeWithSushil.Level1.Click" name="Task1" time="22.393"/>
</testsuite> <!-- com.qa.Selenium.CodeWithSushil.Level1.Click -->
