<?xml version="1.0" encoding="UTF-8"?>
<!-- Generated by org.testng.reporters.JUnitReportReporter -->
<testsuite hostname="DESKTOP-4H738JD" failures="0" tests="1" name="com.qa.JavaProgramming.codewithsushiltest2" time="57.561" errors="0" timestamp="2024-07-11T12:11:01 IST" skipped="0">
  <testcase classname="com.qa.JavaProgramming.codewithsushiltest2" name="serverTest" time="57.561"/>
</testsuite> <!-- com.qa.JavaProgramming.codewithsushiltest2 -->
