<?xml version="1.0" encoding="UTF-8"?>
<!-- Generated by org.testng.reporters.JUnitReportReporter -->
<testsuite hostname="DESKTOP-4H738JD" failures="0" tests="1" name="com.qa.JavaProgramming.Others.HtmlPageCreator" time="0.002" errors="0" timestamp="2024-07-14T23:05:17 IST" skipped="0">
  <testcase classname="com.qa.JavaProgramming.Others.HtmlPageCreator" name="CreateHTMLPage" time="0.002"/>
</testsuite> <!-- com.qa.JavaProgramming.Others.HtmlPageCreator -->
