<?xml version="1.0" encoding="UTF-8"?>
<!-- Generated by org.testng.reporters.JUnitReportReporter -->
<testsuite hostname="DESKTOP-4H738JD" failures="0" tests="1" name="API_Examples.RestAssuredAPITest" time="9.386" errors="0" timestamp="2024-07-01T16:11:19 IST" skipped="0">
  <testcase classname="API_Examples.RestAssuredAPITest" name="GetBooksDetails" time="9.386"/>
  <system-out/>
</testsuite> <!-- API_Examples.RestAssuredAPITest -->
