<?xml version="1.0" encoding="UTF-8"?>
<!-- Generated by org.testng.reporters.JUnitReportReporter -->
<testsuite hostname="DESKTOP-4H738JD" failures="0" tests="1" name="com.qa.JavaProgramming.Logical.GenerateRandomNumbers" time="0.009" errors="0" timestamp="2024-07-16T19:18:27 IST" skipped="0">
  <testcase classname="com.qa.JavaProgramming.Logical.GenerateRandomNumbers" name="generateRandomNumbers" time="0.009"/>
</testsuite> <!-- com.qa.JavaProgramming.Logical.GenerateRandomNumbers -->
