<?xml version="1.0" encoding="UTF-8"?>
<!-- Generated by org.testng.reporters.JUnitReportReporter -->
<testsuite hostname="DESKTOP-4H738JD" failures="0" tests="1" name="com.qa.JavaProgramming.FileHandling.FileHandling" time="0.639" errors="0" timestamp="2024-07-10T22:25:44 IST" skipped="0">
  <testcase classname="com.qa.JavaProgramming.FileHandling.FileHandling" name="ModifyExcel" time="0.639"/>
</testsuite> <!-- com.qa.JavaProgramming.FileHandling.FileHandling -->
