<?xml version="1.0" encoding="UTF-8"?>
<!-- Generated by org.testng.reporters.JUnitReportReporter -->
<testsuite hostname="DESKTOP-4H738JD" failures="0" tests="3" name="com.qa.JavaProgramming.FileHandling.FileHandling" time="0.075" errors="0" timestamp="2024-07-14T23:05:17 IST" skipped="0">
  <testcase classname="com.qa.JavaProgramming.FileHandling.FileHandling" name="ModifyXML" time="0.010"/>
  <testcase classname="com.qa.JavaProgramming.FileHandling.FileHandling" name="CreateXML" time="0.061"/>
  <testcase classname="com.qa.JavaProgramming.FileHandling.FileHandling" name="ReadXML" time="0.004"/>
</testsuite> <!-- com.qa.JavaProgramming.FileHandling.FileHandling -->
