<?xml version="1.0" encoding="UTF-8"?>
<!-- Generated by org.testng.reporters.JUnitReportReporter -->
<testsuite hostname="DESKTOP-4H738JD" failures="0" tests="1" name="API_Examples.GET.RestAssured_Latest_BookStore" time="1.657" errors="0" timestamp="2024-07-01T21:23:32 IST" skipped="0">
  <testcase classname="API_Examples.GET.RestAssured_Latest_BookStore" name="GetAllBookDetails" time="1.657"/>
  <system-out/>
</testsuite> <!-- API_Examples.GET.RestAssured_Latest_BookStore -->
