<?xml version="1.0" encoding="UTF-8"?>
<!-- Generated by org.testng.reporters.JUnitReportReporter -->
<testsuite hostname="DESKTOP-4H738JD" failures="0" tests="2" name="com.qa.JavaProgramming.String.Replace" time="0.001" errors="0" timestamp="2024-07-14T13:34:43 IST" skipped="0">
  <testcase classname="com.qa.JavaProgramming.String.Replace" name="ReplaceSomeTextInString" time="0.000"/>
  <testcase classname="com.qa.JavaProgramming.String.Replace" name="RemoveAllSpecialCharsFromString" time="0.001"/>
</testsuite> <!-- com.qa.JavaProgramming.String.Replace -->
