<?xml version="1.0" encoding="UTF-8"?>
<!-- Generated by org.testng.reporters.JUnitReportReporter -->
<testsuite hostname="DESKTOP-4H738JD" failures="0" tests="1" name="TestNG.CaptureElementScreenshot" time="71.016" errors="0" timestamp="2024-07-08T12:12:34 IST" skipped="0">
  <testcase classname="TestNG.CaptureElementScreenshot" name="captureElementScreenshot" time="71.016"/>
  <system-out/>
</testsuite> <!-- TestNG.CaptureElementScreenshot -->
