<?xml version="1.0" encoding="UTF-8"?>
<!-- Generated by org.testng.reporters.JUnitReportReporter -->
<testsuite hostname="DESKTOP-4H738JD" failures="0" tests="1" name="com.qa.Selenium.TestNG.LaunchEdgeBrowser" time="29.508" errors="0" timestamp="2024-07-14T13:34:43 IST" skipped="0">
  <testcase classname="com.qa.Selenium.TestNG.LaunchEdgeBrowser" name="launchChromeBrowser" time="29.508"/>
</testsuite> <!-- com.qa.Selenium.TestNG.LaunchEdgeBrowser -->
