<?xml version="1.0" encoding="UTF-8"?>
<!-- Generated by org.testng.reporters.JUnitReportReporter -->
<testsuite hostname="DESKTOP-4H738JD" failures="0" tests="1" name="com.qa.JavaProgramming.Arrays.Arrays" time="0.012" errors="0" timestamp="2024-08-01T14:34:40 IST" skipped="0">
  <testcase classname="com.qa.JavaProgramming.Arrays.Arrays" name="NumberArrayExample" time="0.012"/>
</testsuite> <!-- com.qa.JavaProgramming.Arrays.Arrays -->
