<?xml version="1.0" encoding="UTF-8"?>
<!-- Generated by org.testng.reporters.JUnitReportReporter -->
<testsuite hostname="DESKTOP-4H738JD" failures="0" tests="1" name="TestNG.CaptureFullPageScreenshot" time="19.930" errors="0" timestamp="2024-07-08T13:15:11 IST" skipped="0">
  <testcase classname="TestNG.CaptureFullPageScreenshot" name="captureFullPageScreenshot" time="19.930"/>
</testsuite> <!-- TestNG.CaptureFullPageScreenshot -->
