<?xml version="1.0" encoding="UTF-8"?>
<!-- Generated by org.testng.reporters.JUnitReportReporter -->
<testsuite hostname="DESKTOP-4H738JD" failures="0" tests="3" name="com.qa.JavaProgramming.Basic.BasicJavaPrograms" time="0.006" errors="0" timestamp="2024-07-14T23:05:17 IST" skipped="0">
  <testcase classname="com.qa.JavaProgramming.Basic.BasicJavaPrograms" name="FibonacciSeries" time="0.001"/>
  <testcase classname="com.qa.JavaProgramming.Basic.BasicJavaPrograms" name="SwapValuesOf2VariablesWithoutThirdVariable" time="0.002"/>
  <testcase classname="com.qa.JavaProgramming.Basic.BasicJavaPrograms" name="GenerateRandomNumbers" time="0.003"/>
</testsuite> <!-- com.qa.JavaProgramming.Basic.BasicJavaPrograms -->
