<?xml version="1.0" encoding="UTF-8"?>
<!-- Generated by org.testng.reporters.JUnitReportReporter -->
<testsuite hostname="DESKTOP-4H738JD" failures="0" tests="7" name="com.qa.API.RestAssured.Get_Legacy_BookStore" time="4.471" errors="0" timestamp="2024-07-14T13:34:43 IST" skipped="0">
  <testcase classname="com.qa.API.RestAssured.Get_Legacy_BookStore" name="AllBooksISBNs" time="1.155"/>
  <testcase classname="com.qa.API.RestAssured.Get_Legacy_BookStore" name="BookNameForParticularISBN" time="0.631"/>
  <testcase classname="com.qa.API.RestAssured.Get_Legacy_BookStore" name="GetTitleOfFirstBook" time="0.534"/>
  <testcase classname="com.qa.API.RestAssured.Get_Legacy_BookStore" name="AllBooksDetails" time="0.575"/>
  <testcase classname="com.qa.API.RestAssured.Get_Legacy_BookStore" name="GetTitleOfLastBook" time="0.522"/>
  <testcase classname="com.qa.API.RestAssured.Get_Legacy_BookStore" name="GetAllDetailsOfFirstBook" time="0.535"/>
  <testcase classname="com.qa.API.RestAssured.Get_Legacy_BookStore" name="TotalBooksInBookStore" time="0.519"/>
</testsuite> <!-- com.qa.API.RestAssured.Get_Legacy_BookStore -->
