<?xml version="1.0" encoding="UTF-8"?>
<!-- Generated by org.testng.reporters.JUnitReportReporter -->
<testsuite hostname="DESKTOP-4H738JD" failures="0" tests="3" name="com.qa.JavaProgramming.FileHandling.ExcelReadWriteUpdate" time="0.644" errors="0" timestamp="2024-07-14T23:05:17 IST" skipped="0">
  <testcase classname="com.qa.JavaProgramming.FileHandling.ExcelReadWriteUpdate" name="ReadExcel" time="0.035"/>
  <testcase classname="com.qa.JavaProgramming.FileHandling.ExcelReadWriteUpdate" name="CreateExcel" time="0.508"/>
  <testcase classname="com.qa.JavaProgramming.FileHandling.ExcelReadWriteUpdate" name="ModifyExcel" time="0.101"/>
</testsuite> <!-- com.qa.JavaProgramming.FileHandling.ExcelReadWriteUpdate -->
