<?xml version="1.0" encoding="UTF-8"?>
<!-- Generated by org.testng.reporters.JUnitReportReporter -->
<testsuite hostname="DESKTOP-4H738JD" failures="0" tests="1" name="com.qa.JavaProgramming.Others.HtmlPageCreator" time="0.007" errors="0" timestamp="2024-09-10T21:12:06 IST" skipped="0">
  <testcase classname="com.qa.JavaProgramming.Others.HtmlPageCreator" name="CreateHTMLPage" time="0.007"/>
  <system-out/>
</testsuite> <!-- com.qa.JavaProgramming.Others.HtmlPageCreator -->
