<?xml version="1.0" encoding="UTF-8"?>
<!-- Generated by org.testng.reporters.JUnitReportReporter -->
<testsuite hostname="DESKTOP-4H738JD" failures="0" tests="1" name="com.qa.JavaProgramming.Arrays.Arrays" time="0.015" errors="0" timestamp="2025-07-20T14:06:23 IST" skipped="0">
  <testcase classname="com.qa.JavaProgramming.Arrays.Arrays" name="NumberArrayExample" time="0.015"/>
</testsuite> <!-- com.qa.JavaProgramming.Arrays.Arrays -->
