<?xml version="1.0" encoding="UTF-8"?>
<!-- Generated by org.testng.reporters.JUnitReportReporter -->
<testsuite hostname="DESKTOP-4H738JD" failures="0" tests="1" name="com.qa.JavaProgramming.Logical.SwapValuesOf2VariablesWithoutThirdVariable" time="0.007" errors="0" timestamp="2024-07-15T11:05:38 IST" skipped="0">
  <testcase classname="com.qa.JavaProgramming.Logical.SwapValuesOf2VariablesWithoutThirdVariable" name="swapValuesOf2VariablesWithoutThirdVariable" time="0.007"/>
</testsuite> <!-- com.qa.JavaProgramming.Logical.SwapValuesOf2VariablesWithoutThirdVariable -->
