<?xml version="1.0" encoding="UTF-8"?>
<!-- Generated by org.testng.reporters.JUnitReportReporter -->
<testsuite hostname="DESKTOP-4H738JD" failures="0" tests="1" name="com.qa.API.RestAssured.Get_BookStore" time="2.784" errors="0" timestamp="2024-07-14T13:34:43 IST" skipped="0">
  <testcase classname="com.qa.API.RestAssured.Get_BookStore" name="GetAllBookDetails" time="2.784"/>
</testsuite> <!-- com.qa.API.RestAssured.Get_BookStore -->
