<?xml version="1.0" encoding="UTF-8"?>
<!-- Generated by org.testng.reporters.JUnitReportReporter -->
<testsuite hostname="DESKTOP-4H738JD" failures="0" tests="1" name="com.qa.JavaProgramming.OOPS.Constructor" time="0.009" errors="0" timestamp="2024-07-14T23:29:41 IST" skipped="0">
  <testcase classname="com.qa.JavaProgramming.OOPS.Constructor" name="constructorWithOverloading" time="0.009"/>
</testsuite> <!-- com.qa.JavaProgramming.OOPS.Constructor -->
