<?xml version="1.0" encoding="UTF-8"?>
<!-- Generated by org.testng.reporters.JUnitReportReporter -->
<testsuite hostname="DESKTOP-4H738JD" failures="0" tests="1" name="com.qa.JavaProgramming.Collection.Priorityqueue" time="0.012" errors="0" timestamp="2025-07-19T12:02:05 IST" skipped="0">
  <testcase classname="com.qa.JavaProgramming.Collection.Priorityqueue" name="priorityqueue" time="0.012"/>
</testsuite> <!-- com.qa.JavaProgramming.Collection.Priorityqueue -->
