<?xml version="1.0" encoding="UTF-8"?>
<!-- Generated by org.testng.reporters.JUnitReportReporter -->
<testsuite hostname="DESKTOP-4H738JD" failures="0" tests="1" name="com.qa.Selenium.TestNG.click" time="10.775" errors="0" timestamp="2024-07-25T22:19:29 IST" skipped="0">
  <testcase classname="com.qa.Selenium.TestNG.click" name="TestChrome" time="10.775"/>
</testsuite> <!-- com.qa.Selenium.TestNG.click -->
