<?xml version="1.0" encoding="UTF-8"?>
<!-- Generated by org.testng.reporters.JUnitReportReporter -->
<testsuite hostname="DESKTOP-4H738JD" failures="0" tests="1" name="TestNG.CapturePageScreenshot" time="66.617" errors="0" timestamp="2024-07-08T12:12:34 IST" skipped="0">
  <testcase classname="TestNG.CapturePageScreenshot" name="capturePageScreenshot" time="66.617"/>
  <system-out/>
</testsuite> <!-- TestNG.CapturePageScreenshot -->
