<?xml version="1.0" encoding="UTF-8"?>
<!-- Generated by org.testng.reporters.JUnitReportReporter -->
<testsuite hostname="DESKTOP-4H738JD" failures="0" tests="1" name="API_Examples.GET.RestAssured_Legacy_BookStore" time="4.135" errors="0" timestamp="2024-07-09T15:43:52 IST" skipped="0">
  <testcase classname="API_Examples.GET.RestAssured_Legacy_BookStore" name="GetTitleOfLastBook" time="4.135"/>
</testsuite> <!-- API_Examples.GET.RestAssured_Legacy_BookStore -->
