<?xml version="1.0" encoding="UTF-8"?>
<!-- Generated by org.testng.reporters.JUnitReportReporter -->
<testsuite hostname="DESKTOP-4H738JD" failures="0" tests="1" name="TestNG.Test3" time="0.001" errors="0" timestamp="2024-07-01T20:50:40 IST" skipped="0">
  <testcase classname="TestNG.Test3" name="TestChrome" time="0.001"/>
  <system-out/>
</testsuite> <!-- TestNG.Test3 -->
